This is pdfTeX, Version 3.141592653-2.6-1.40.22 (TeX Live 2022/dev/Debian) (preloaded format=pdflatex 2024.8.6)  7 MAR 2025 20:53
entering extended mode
 restricted \write18 enabled.
 %&-line parsing enabled.
**EE24BTECH11007.tex
(./EE24BTECH11007.tex
LaTeX2e <2021-11-15> patch level 1
L3 programming layer <2022-01-21>
(/usr/share/texlive/texmf-dist/tex/latex/base/article.cls
Document Class: article 2021/10/04 v1.4n Standard LaTeX document class
(/usr/share/texlive/texmf-dist/tex/latex/base/size10.clo
File: size10.clo 2021/10/04 v1.4n Standard LaTeX file (size option)
)
\c@part=\count185
\c@section=\count186
\c@subsection=\count187
\c@subsubsection=\count188
\c@paragraph=\count189
\c@subparagraph=\count190
\c@figure=\count191
\c@table=\count192
\abovecaptionskip=\skip47
\belowcaptionskip=\skip48
\bibindent=\dimen138
)
(/usr/share/texlive/texmf-dist/tex/latex/graphics/graphicx.sty
Package: graphicx 2021/09/16 v1.2d Enhanced LaTeX Graphics (DPC,SPQR)

(/usr/share/texlive/texmf-dist/tex/latex/graphics/keyval.sty
Package: keyval 2014/10/28 v1.15 key=value parser (DPC)
\KV@toks@=\toks16
)
(/usr/share/texlive/texmf-dist/tex/latex/graphics/graphics.sty
Package: graphics 2021/03/04 v1.4d Standard LaTeX Graphics (DPC,SPQR)

(/usr/share/texlive/texmf-dist/tex/latex/graphics/trig.sty
Package: trig 2021/08/11 v1.11 sin cos tan (DPC)
)
(/usr/share/texlive/texmf-dist/tex/latex/graphics-cfg/graphics.cfg
File: graphics.cfg 2016/06/04 v1.11 sample graphics configuration
)
Package graphics Info: Driver file: pdftex.def on input line 107.

(/usr/share/texlive/texmf-dist/tex/latex/graphics-def/pdftex.def
File: pdftex.def 2020/10/05 v1.2a Graphics/color driver for pdftex
))
\Gin@req@height=\dimen139
\Gin@req@width=\dimen140
)
(/usr/share/texlive/texmf-dist/tex/latex/float/float.sty
Package: float 2001/11/08 v1.3d Float enhancements (AL)
\c@float@type=\count193
\float@exts=\toks17
\float@box=\box50
\@float@everytoks=\toks18
\@floatcapt=\box51
)
(/usr/share/texlive/texmf-dist/tex/latex/url/url.sty
\Urlmuskip=\muskip16
Package: url 2013/09/16  ver 3.4  Verb mode for urls, etc.
)
(/usr/share/texlive/texmf-dist/tex/latex/l3backend/l3backend-pdftex.def
File: l3backend-pdftex.def 2022-01-12 L3 backend support: PDF output (pdfTeX)
\l__color_backend_stack_int=\count194
\l__pdf_internal_box=\box52
)
(./EE24BTECH11007.aux)
\openout1 = `EE24BTECH11007.aux'.

LaTeX Font Info:    Checking defaults for OML/cmm/m/it on input line 9.
LaTeX Font Info:    ... okay on input line 9.
LaTeX Font Info:    Checking defaults for OMS/cmsy/m/n on input line 9.
LaTeX Font Info:    ... okay on input line 9.
LaTeX Font Info:    Checking defaults for OT1/cmr/m/n on input line 9.
LaTeX Font Info:    ... okay on input line 9.
LaTeX Font Info:    Checking defaults for T1/cmr/m/n on input line 9.
LaTeX Font Info:    ... okay on input line 9.
LaTeX Font Info:    Checking defaults for TS1/cmr/m/n on input line 9.
LaTeX Font Info:    ... okay on input line 9.
LaTeX Font Info:    Checking defaults for OMX/cmex/m/n on input line 9.
LaTeX Font Info:    ... okay on input line 9.
LaTeX Font Info:    Checking defaults for U/cmr/m/n on input line 9.
LaTeX Font Info:    ... okay on input line 9.

(/usr/share/texlive/texmf-dist/tex/context/base/mkii/supp-pdf.mkii
[Loading MPS to PDF converter (version 2006.09.02).]
\scratchcounter=\count195
\scratchdimen=\dimen141
\scratchbox=\box53
\nofMPsegments=\count196
\nofMParguments=\count197
\everyMPshowfont=\toks19
\MPscratchCnt=\count198
\MPscratchDim=\dimen142
\MPnumerator=\count199
\makeMPintoPDFobject=\count266
\everyMPtoPDFconversion=\toks20
) (/usr/share/texlive/texmf-dist/tex/latex/epstopdf-pkg/epstopdf-base.sty
Package: epstopdf-base 2020-01-24 v2.11 Base part for package epstopdf
Package epstopdf-base Info: Redefining graphics rule for `.eps' on input line 4
85.

(/usr/share/texlive/texmf-dist/tex/latex/latexconfig/epstopdf-sys.cfg
File: epstopdf-sys.cfg 2010/07/13 v1.3 Configuration of (r)epstopdf for TeX Liv
e
))
LaTeX Font Info:    External font `cmex10' loaded for size
(Font)              <12> on input line 11.
LaTeX Font Info:    External font `cmex10' loaded for size
(Font)              <8> on input line 11.
LaTeX Font Info:    External font `cmex10' loaded for size
(Font)              <6> on input line 11.
<figs/written/1.jpg, id=1, 3481.005pt x 4641.34pt>
File: figs/written/1.jpg Graphic file (type jpg)
<use figs/written/1.jpg>
Package pdftex.def Info: figs/written/1.jpg  used on input line 14.
(pdftex.def)             Requested size: 345.0pt x 459.98276pt.
<figs/written/2.jpg, id=2, 3481.005pt x 4641.34pt>
File: figs/written/2.jpg Graphic file (type jpg)
<use figs/written/2.jpg>
Package pdftex.def Info: figs/written/2.jpg  used on input line 18.
(pdftex.def)             Requested size: 345.0pt x 459.98276pt.

[1

{/var/lib/texmf/fonts/map/pdftex/updmap/pdftex.map}]
<figs/written/3.jpg, id=11, 3481.005pt x 4641.34pt>
File: figs/written/3.jpg Graphic file (type jpg)
<use figs/written/3.jpg>
Package pdftex.def Info: figs/written/3.jpg  used on input line 22.
(pdftex.def)             Requested size: 345.0pt x 459.98276pt.
 [2 <./figs/written/1.jpg>]
<figs/written/4.jpg, id=15, 3481.005pt x 4641.34pt>
File: figs/written/4.jpg Graphic file (type jpg)
<use figs/written/4.jpg>
Package pdftex.def Info: figs/written/4.jpg  used on input line 26.
(pdftex.def)             Requested size: 345.0pt x 459.98276pt.
 [3 <./figs/written/2.jpg>]
<figs/written/5.jpg, id=19, 3481.005pt x 4641.34pt>
File: figs/written/5.jpg Graphic file (type jpg)
<use figs/written/5.jpg>
Package pdftex.def Info: figs/written/5.jpg  used on input line 30.
(pdftex.def)             Requested size: 345.0pt x 459.98276pt.
 [4 <./figs/written/3.jpg>]
<figs/written/6.jpg, id=23, 3481.005pt x 4641.34pt>
File: figs/written/6.jpg Graphic file (type jpg)
<use figs/written/6.jpg>
Package pdftex.def Info: figs/written/6.jpg  used on input line 34.
(pdftex.def)             Requested size: 345.0pt x 459.98276pt.
 [5 <./figs/written/4.jpg>]
<figs/written/7.jpg, id=27, 3481.005pt x 4641.34pt>
File: figs/written/7.jpg Graphic file (type jpg)
<use figs/written/7.jpg>
Package pdftex.def Info: figs/written/7.jpg  used on input line 38.
(pdftex.def)             Requested size: 345.0pt x 459.98276pt.
 [6 <./figs/written/5.jpg>] [7 <./figs/written/6.jpg>]
<figs/written/8.jpg, id=35, 3481.005pt x 4641.34pt>
File: figs/written/8.jpg Graphic file (type jpg)
<use figs/written/8.jpg>
Package pdftex.def Info: figs/written/8.jpg  used on input line 43.
(pdftex.def)             Requested size: 345.0pt x 459.98276pt.
<figs/written/9.jpg, id=36, 3481.005pt x 4641.34pt>
File: figs/written/9.jpg Graphic file (type jpg)
<use figs/written/9.jpg>
Package pdftex.def Info: figs/written/9.jpg  used on input line 47.
(pdftex.def)             Requested size: 345.0pt x 459.98276pt.
 [8 <./figs/written/7.jpg>]
<figs/5a.png, id=40, 578.16pt x 361.35pt>
File: figs/5a.png Graphic file (type png)
<use figs/5a.png>
Package pdftex.def Info: figs/5a.png  used on input line 51.
(pdftex.def)             Requested size: 345.0pt x 215.6207pt.
 [9 <./figs/written/8.jpg>]
<figs/5b.png, id=45, 578.16pt x 361.35pt>
File: figs/5b.png Graphic file (type png)
<use figs/5b.png>
Package pdftex.def Info: figs/5b.png  used on input line 55.
(pdftex.def)             Requested size: 345.0pt x 215.6207pt.
 [10 <./figs/written/9.jpg>]
<figs/written/10.jpg, id=49, 3481.005pt x 4641.34pt>
File: figs/written/10.jpg Graphic file (type jpg)
<use figs/written/10.jpg>
Package pdftex.def Info: figs/written/10.jpg  used on input line 59.
(pdftex.def)             Requested size: 345.0pt x 459.98276pt.
<figs/written/11.jpg, id=50, 3481.005pt x 4641.34pt>
File: figs/written/11.jpg Graphic file (type jpg)
<use figs/written/11.jpg>
Package pdftex.def Info: figs/written/11.jpg  used on input line 63.
(pdftex.def)             Requested size: 345.0pt x 459.98276pt.
 [11 <./figs/5a.png> <./figs/5b.png>]
<figs/6a.png, id=56, 433.62pt x 433.62pt>
File: figs/6a.png Graphic file (type png)
<use figs/6a.png>
Package pdftex.def Info: figs/6a.png  used on input line 67.
(pdftex.def)             Requested size: 345.0pt x 345.01738pt.
 [12 <./figs/written/10.jpg>]
<figs/6b.png, id=60, 578.16pt x 433.62pt>
File: figs/6b.png Graphic file (type png)
<use figs/6b.png>
Package pdftex.def Info: figs/6b.png  used on input line 71.
(pdftex.def)             Requested size: 345.0pt x 258.74484pt.
 [13 <./figs/written/11.jpg>]
<figs/written/12.jpg, id=65, 3481.005pt x 4641.34pt>
File: figs/written/12.jpg Graphic file (type jpg)
<use figs/written/12.jpg>
Package pdftex.def Info: figs/written/12.jpg  used on input line 75.
(pdftex.def)             Requested size: 345.0pt x 459.98276pt.

[14 <./figs/6a.png>]
<figs/written/13.jpg, id=70, 3481.005pt x 4641.34pt>
File: figs/written/13.jpg Graphic file (type jpg)
<use figs/written/13.jpg>
Package pdftex.def Info: figs/written/13.jpg  used on input line 79.
(pdftex.def)             Requested size: 345.0pt x 459.98276pt.
 [15 <./figs/6b.png>]
<figs/written/14.jpg, id=75, 3481.005pt x 4641.34pt>
File: figs/written/14.jpg Graphic file (type jpg)
<use figs/written/14.jpg>
Package pdftex.def Info: figs/written/14.jpg  used on input line 83.
(pdftex.def)             Requested size: 345.0pt x 459.98276pt.
 [16 <./figs/written/12.jpg>] [17 <./figs/written/13.jpg>]
LaTeX Font Info:    External font `cmex10' loaded for size
(Font)              <7> on input line 86.
LaTeX Font Info:    External font `cmex10' loaded for size
(Font)              <5> on input line 86.

Overfull \hbox (38.24666pt too wide) in paragraph at lines 85--87
\OT1/cmtt/m/n/10 https : / / github . com / ArnavYadnopavit / Electromagnetics 
/ tree / main / Assignment1$ 
 []

[18 <./figs/written/14.jpg>] (./EE24BTECH11007.aux) ) 
Here is how much of TeX's memory you used:
 1565 strings out of 478287
 25671 string characters out of 5849290
 312031 words of memory out of 5000000
 19770 multiletter control sequences out of 15000+600000
 472462 words of font info for 39 fonts, out of 8000000 for 9000
 1141 hyphenation exceptions out of 8191
 55i,6n,62p,209b,230s stack positions out of 5000i,500n,10000p,200000b,80000s
</usr/share/texlive/texmf-
dist/fonts/type1/public/amsfonts/cm/cmr10.pfb></usr/share/texlive/texmf-dist/fo
nts/type1/public/amsfonts/cm/cmr12.pfb></usr/share/texlive/texmf-dist/fonts/typ
e1/public/amsfonts/cm/cmr17.pfb></usr/share/texlive/texmf-dist/fonts/type1/publ
ic/amsfonts/cm/cmtt10.pfb>
Output written on EE24BTECH11007.pdf (18 pages, 61194040 bytes).
PDF statistics:
 105 PDF objects out of 1000 (max. 8388607)
 54 compressed objects within 1 object stream
 0 named destinations out of 1000 (max. 500000)
 91 words of extra memory for PDF output out of 10000 (max. 10000000)

